::1 - - [29/Oct/2019:17:14:05 +0900] "GET /hook.php HTTP/1.1" 403 199 "-" "Mozilla/5.0 (Macintosh; Intel Mac OS X 10_15_0) AppleWebKit/537.36 (KHTML, like Gecko) Chrome/78.0.3904.70 Safari/537.36"
::1 - - [29/Oct/2019:17:14:05 +0900] "GET /favicon.ico HTTP/1.1" 403 199 "https://80d982fa.ngrok.io/hook.php" "Mozilla/5.0 (Macintosh; Intel Mac OS X 10_15_0) AppleWebKit/537.36 (KHTML, like Gecko) Chrome/78.0.3904.70 Safari/537.36"
::1 - - [29/Oct/2019:17:20:56 +0900] "GET /hook.php HTTP/1.1" 200 - "-" "Mozilla/5.0 (Macintosh; Intel Mac OS X 10_15_0) AppleWebKit/537.36 (KHTML, like Gecko) Chrome/78.0.3904.70 Safari/537.36"
::1 - - [29/Oct/2019:17:20:56 +0900] "GET /favicon.ico HTTP/1.1" 404 196 "https://80d982fa.ngrok.io/hook.php" "Mozilla/5.0 (Macintosh; Intel Mac OS X 10_15_0) AppleWebKit/537.36 (KHTML, like Gecko) Chrome/78.0.3904.70 Safari/537.36"
::1 - - [29/Oct/2019:17:21:37 +0900] "POST /hook.php HTTP/1.1" 200 - "-" "-"
::1 - - [29/Oct/2019:17:21:39 +0900] "POST /hook.php HTTP/1.1" 200 - "-" "-"
::1 - - [29/Oct/2019:17:21:39 +0900] "POST /hook.php HTTP/1.1" 200 - "-" "-"
::1 - - [29/Oct/2019:17:21:40 +0900] "POST /hook.php HTTP/1.1" 200 - "-" "-"
::1 - - [29/Oct/2019:17:21:39 +0900] "POST /hook.php HTTP/1.1" 200 - "-" "-"
::1 - - [29/Oct/2019:17:21:40 +0900] "POST /hook.php HTTP/1.1" 200 - "-" "-"
::1 - - [29/Oct/2019:17:21:40 +0900] "POST /hook.php HTTP/1.1" 200 - "-" "-"
::1 - - [29/Oct/2019:18:01:42 +0900] "POST /hook.php HTTP/1.1" 200 - "-" "-"
::1 - - [29/Oct/2019:18:01:57 +0900] "POST /hook.php HTTP/1.1" 200 - "-" "-"
::1 - - [29/Oct/2019:18:03:57 +0900] "POST /hook.php HTTP/1.1" 200 - "-" "-"
::1 - - [29/Oct/2019:18:04:20 +0900] "POST /hook.php HTTP/1.1" 200 - "-" "-"
::1 - - [29/Oct/2019:18:04:51 +0900] "POST /hook.php HTTP/1.1" 200 - "-" "-"
::1 - - [29/Oct/2019:18:05:21 +0900] "POST /hook.php HTTP/1.1" 200 - "-" "-"
::1 - - [29/Oct/2019:18:06:53 +0900] "POST /hook.php HTTP/1.1" 200 - "-" "-"
::1 - - [29/Oct/2019:18:07:21 +0900] "POST /hook.php HTTP/1.1" 200 - "-" "-"
::1 - - [29/Oct/2019:18:07:28 +0900] "POST /hook.php HTTP/1.1" 200 - "-" "-"
::1 - - [29/Oct/2019:18:07:54 +0900] "POST /hook.php HTTP/1.1" 200 - "-" "-"
::1 - - [29/Oct/2019:18:10:29 +0900] "POST /hook.php HTTP/1.1" 200 - "-" "-"
::1 - - [29/Oct/2019:18:10:40 +0900] "POST /hook.php HTTP/1.1" 200 - "-" "-"
::1 - - [29/Oct/2019:18:11:08 +0900] "POST /hook.php HTTP/1.1" 200 - "-" "-"
::1 - - [29/Oct/2019:18:11:36 +0900] "POST /hook.php HTTP/1.1" 200 - "-" "-"
::1 - - [29/Oct/2019:18:11:43 +0900] "POST /hook.php HTTP/1.1" 200 - "-" "-"
::1 - - [29/Oct/2019:18:12:33 +0900] "POST /hook.php HTTP/1.1" 200 - "-" "-"
::1 - - [29/Oct/2019:18:13:39 +0900] "POST /hook.php HTTP/1.1" 200 - "-" "-"
::1 - - [30/Oct/2019:14:51:32 +0900] "POST /hook.php HTTP/1.1" 200 - "-" "-"
::1 - - [30/Oct/2019:14:51:44 +0900] "POST /hook.php HTTP/1.1" 200 - "-" "-"
::1 - - [30/Oct/2019:16:43:21 +0900] "POST /hook.php HTTP/1.1" 200 - "-" "-"
::1 - - [31/Oct/2019:13:58:30 +0900] "POST /hook.php HTTP/1.1" 200 - "-" "-"
::1 - - [31/Oct/2019:13:59:37 +0900] "POST /hook.php HTTP/1.1" 200 - "-" "-"
::1 - - [31/Oct/2019:13:59:52 +0900] "POST /hook.php HTTP/1.1" 200 - "-" "-"
::1 - - [31/Oct/2019:14:01:29 +0900] "POST /hook.php HTTP/1.1" 200 - "-" "-"
::1 - - [31/Oct/2019:18:17:00 +0900] "POST /hook.php HTTP/1.1" 200 - "-" "-"
192.168.0.19 - - [01/Nov/2019:13:02:15 +0900] "GET / HTTP/1.1" 200 912 "-" "-"
192.168.0.19 - - [04/Nov/2019:10:19:49 +0900] "GET / HTTP/1.1" 200 912 "-" "-"
::1 - - [04/Nov/2019:15:35:41 +0900] "POST /hook.php HTTP/1.1" 200 - "-" "-"
::1 - - [04/Nov/2019:15:35:55 +0900] "POST /hook.php HTTP/1.1" 200 - "-" "-"
::1 - - [04/Nov/2019:15:37:08 +0900] "POST /hook.php HTTP/1.1" 200 - "-" "-"
::1 - - [04/Nov/2019:16:48:36 +0900] "POST /hook.php HTTP/1.1" 200 - "-" "-"
::1 - - [04/Nov/2019:17:17:10 +0900] "POST /hook.php HTTP/1.1" 200 - "-" "-"
::1 - - [04/Nov/2019:17:19:59 +0900] "POST /hook.php HTTP/1.1" 200 538 "-" "-"
::1 - - [04/Nov/2019:17:22:34 +0900] "POST /hook.php HTTP/1.1" 200 - "-" "-"
::1 - - [04/Nov/2019:17:22:53 +0900] "POST /hook.php HTTP/1.1" 200 - "-" "-"
::1 - - [04/Nov/2019:17:25:10 +0900] "POST /hook.php HTTP/1.1" 200 - "-" "-"
::1 - - [04/Nov/2019:17:26:48 +0900] "POST /hook.php HTTP/1.1" 200 - "-" "-"
::1 - - [05/Nov/2019:14:16:18 +0900] "POST /hook.php HTTP/1.1" 200 - "-" "-"
::1 - - [05/Nov/2019:14:17:57 +0900] "POST /hook.php HTTP/1.1" 200 - "-" "-"
::1 - - [05/Nov/2019:14:21:45 +0900] "POST /hook.php HTTP/1.1" 200 - "-" "-"
::1 - - [05/Nov/2019:15:58:21 +0900] "POST /hook.php HTTP/1.1" 200 - "-" "-"
::1 - - [05/Nov/2019:15:58:28 +0900] "POST /hook.php HTTP/1.1" 200 - "-" "-"
192.168.0.17 - - [06/Nov/2019:10:18:38 +0900] "GET / HTTP/1.1" 200 912 "-" "-"
::1 - - [07/Nov/2019:11:45:44 +0900] "POST /hook.php HTTP/1.1" 200 751 "-" "-"
::1 - - [07/Nov/2019:11:45:58 +0900] "POST /hook.php HTTP/1.1" 200 751 "-" "-"
::1 - - [07/Nov/2019:11:46:23 +0900] "POST /hook.php HTTP/1.1" 200 751 "-" "-"
::1 - - [07/Nov/2019:11:46:46 +0900] "POST /hook.php HTTP/1.1" 200 751 "-" "-"
::1 - - [07/Nov/2019:11:47:05 +0900] "POST /hook.php HTTP/1.1" 200 751 "-" "-"
192.168.0.17 - - [07/Nov/2019:14:15:51 +0900] "GET / HTTP/1.1" 200 912 "-" "-"
192.168.0.62 - - [07/Nov/2019:15:27:59 +0900] "GET / HTTP/1.1" 200 912 "-" "-"
::1 - - [07/Nov/2019:15:35:10 +0900] "POST /hook.php HTTP/1.1" 200 751 "-" "-"
::1 - - [07/Nov/2019:15:47:13 +0900] "POST /hook.php HTTP/1.1" 200 751 "-" "-"
::1 - - [08/Nov/2019:10:37:07 +0900] "POST /hook.php HTTP/1.1" 200 248 "-" "-"
::1 - - [08/Nov/2019:10:37:07 +0900] "POST /hook.php HTTP/1.1" 200 248 "-" "-"
::1 - - [08/Nov/2019:10:37:07 +0900] "POST /hook.php HTTP/1.1" 200 248 "-" "-"
::1 - - [08/Nov/2019:10:37:07 +0900] "POST /hook.php HTTP/1.1" 200 248 "-" "-"
::1 - - [08/Nov/2019:10:37:08 +0900] "POST /hook.php HTTP/1.1" 200 248 "-" "-"
::1 - - [08/Nov/2019:10:37:08 +0900] "POST /hook.php HTTP/1.1" 200 248 "-" "-"
::1 - - [08/Nov/2019:10:37:08 +0900] "POST /hook.php HTTP/1.1" 200 248 "-" "-"
::1 - - [08/Nov/2019:10:37:08 +0900] "POST /hook.php HTTP/1.1" 200 248 "-" "-"
::1 - - [08/Nov/2019:10:37:08 +0900] "POST /hook.php HTTP/1.1" 200 248 "-" "-"
::1 - - [08/Nov/2019:10:37:08 +0900] "POST /hook.php HTTP/1.1" 200 248 "-" "-"
::1 - - [08/Nov/2019:10:37:21 +0900] "POST /hook.php HTTP/1.1" 200 248 "-" "-"
::1 - - [08/Nov/2019:10:38:43 +0900] "POST /hook.php HTTP/1.1" 200 248 "-" "-"
::1 - - [08/Nov/2019:10:40:06 +0900] "POST /hook.php HTTP/1.1" 200 248 "-" "-"
::1 - - [08/Nov/2019:10:46:26 +0900] "POST /hook.php HTTP/1.1" 200 248 "-" "-"
::1 - - [08/Nov/2019:10:50:39 +0900] "POST /hook.php HTTP/1.1" 200 473 "-" "-"
::1 - - [08/Nov/2019:10:51:25 +0900] "POST /hook.php HTTP/1.1" 200 4 "-" "-"
::1 - - [08/Nov/2019:11:02:08 +0900] "POST /hook.php HTTP/1.1" 200 755 "-" "-"
::1 - - [08/Nov/2019:16:27:48 +0900] "POST /hook.php HTTP/1.1" 200 4 "-" "-"
::1 - - [08/Nov/2019:16:50:03 +0900] "POST /hook.php HTTP/1.1" 200 755 "-" "-"
::1 - - [08/Nov/2019:16:50:05 +0900] "POST /hook.php HTTP/1.1" 200 755 "-" "-"
::1 - - [08/Nov/2019:16:50:05 +0900] "POST /hook.php HTTP/1.1" 200 755 "-" "-"
::1 - - [08/Nov/2019:16:50:05 +0900] "POST /hook.php HTTP/1.1" 200 755 "-" "-"
::1 - - [08/Nov/2019:16:50:05 +0900] "POST /hook.php HTTP/1.1" 200 755 "-" "-"
::1 - - [08/Nov/2019:16:50:05 +0900] "POST /hook.php HTTP/1.1" 200 755 "-" "-"
::1 - - [08/Nov/2019:16:50:05 +0900] "POST /hook.php HTTP/1.1" 200 755 "-" "-"
::1 - - [08/Nov/2019:16:50:05 +0900] "POST /hook.php HTTP/1.1" 200 755 "-" "-"
::1 - - [08/Nov/2019:16:50:09 +0900] "POST /hook.php HTTP/1.1" 200 755 "-" "-"
::1 - - [08/Nov/2019:17:10:07 +0900] "GET /phpinfo.php HTTP/1.1" 404 196 "-" "Mozilla/5.0 (Macintosh; Intel Mac OS X 10_15_0) AppleWebKit/537.36 (KHTML, like Gecko) Chrome/78.0.3904.87 Safari/537.36"
::1 - - [08/Nov/2019:17:10:07 +0900] "GET /favicon.ico HTTP/1.1" 404 196 "https://55f01282.ngrok.io/phpinfo.php" "Mozilla/5.0 (Macintosh; Intel Mac OS X 10_15_0) AppleWebKit/537.36 (KHTML, like Gecko) Chrome/78.0.3904.87 Safari/537.36"
::1 - - [08/Nov/2019:17:11:41 +0900] "GET /info.php HTTP/1.1" 200 99599 "-" "Mozilla/5.0 (Macintosh; Intel Mac OS X 10_15_0) AppleWebKit/537.36 (KHTML, like Gecko) Chrome/78.0.3904.87 Safari/537.36"
::1 - - [08/Nov/2019:17:44:24 +0900] "POST /hook.php HTTP/1.1" 200 755 "-" "-"
::1 - - [08/Nov/2019:17:45:30 +0900] "POST /hook.php HTTP/1.1" 200 755 "-" "-"
::1 - - [08/Nov/2019:17:47:34 +0900] "POST /hook.php HTTP/1.1" 200 755 "-" "-"
::1 - - [08/Nov/2019:17:47:51 +0900] "POST /hook.php HTTP/1.1" 200 755 "-" "-"
::1 - - [08/Nov/2019:18:04:20 +0900] "POST /hook.php HTTP/1.1" 200 755 "-" "-"
::1 - - [08/Nov/2019:18:07:32 +0900] "GET /info.php HTTP/1.1" 200 99599 "-" "Mozilla/5.0 (Macintosh; Intel Mac OS X 10_15_0) AppleWebKit/537.36 (KHTML, like Gecko) Chrome/78.0.3904.87 Safari/537.36"
::1 - - [08/Nov/2019:18:34:04 +0900] "POST /hook.php HTTP/1.1" 200 4 "-" "-"
::1 - - [08/Nov/2019:18:38:55 +0900] "POST /hook.php HTTP/1.1" 200 755 "-" "-"
::1 - - [09/Nov/2019:00:38:26 +0900] "POST /hook.php HTTP/1.1" 200 755 "-" "-"
::1 - - [09/Nov/2019:00:40:34 +0900] "POST /hook.php HTTP/1.1" 200 872 "-" "-"
::1 - - [09/Nov/2019:00:41:06 +0900] "POST /hook.php HTTP/1.1" 200 755 "-" "-"
::1 - - [09/Nov/2019:00:41:53 +0900] "POST /hook.php HTTP/1.1" 200 755 "-" "-"
::1 - - [09/Nov/2019:00:42:18 +0900] "POST /hook.php HTTP/1.1" 200 755 "-" "-"
::1 - - [09/Nov/2019:00:44:09 +0900] "POST /hook.php HTTP/1.1" 200 4 "-" "-"
::1 - - [09/Nov/2019:00:44:25 +0900] "POST /hook.php HTTP/1.1" 200 4 "-" "-"
::1 - - [09/Nov/2019:01:13:25 +0900] "POST /hook.php HTTP/1.1" 200 4 "-" "-"
::1 - - [09/Nov/2019:01:14:17 +0900] "POST /hook.php HTTP/1.1" 200 4 "-" "-"
::1 - - [09/Nov/2019:01:15:14 +0900] "POST /hook.php HTTP/1.1" 200 4 "-" "-"
::1 - - [09/Nov/2019:01:18:49 +0900] "POST /hook.php HTTP/1.1" 200 4 "-" "-"
::1 - - [09/Nov/2019:01:19:10 +0900] "POST /hook.php HTTP/1.1" 200 4 "-" "-"
::1 - - [09/Nov/2019:01:20:51 +0900] "POST /hook.php HTTP/1.1" 200 4 "-" "-"
::1 - - [09/Nov/2019:01:21:36 +0900] "POST /hook.php HTTP/1.1" 200 4 "-" "-"
::1 - - [09/Nov/2019:01:22:24 +0900] "POST /hook.php HTTP/1.1" 200 4 "-" "-"
::1 - - [10/Nov/2019:16:37:24 +0900] "POST /hook.php HTTP/1.1" 200 4 "-" "-"
::1 - - [10/Nov/2019:22:42:27 +0900] "POST /hook.php HTTP/1.1" 200 4 "-" "-"
::1 - - [10/Nov/2019:22:43:05 +0900] "POST /hook.php HTTP/1.1" 200 4 "-" "-"
::1 - - [11/Nov/2019:00:53:17 +0900] "POST /hook.php HTTP/1.1" 200 4 "-" "-"
::1 - - [11/Nov/2019:13:32:06 +0900] "POST /hook.php HTTP/1.1" 200 4 "-" "-"
::1 - - [11/Nov/2019:13:32:14 +0900] "POST /hook.php HTTP/1.1" 200 4 "-" "-"
::1 - - [11/Nov/2019:13:33:45 +0900] "POST /hook.php HTTP/1.1" 200 4 "-" "-"
::1 - - [11/Nov/2019:13:34:21 +0900] "POST /hook.php HTTP/1.1" 200 4 "-" "-"
::1 - - [11/Nov/2019:13:34:50 +0900] "POST /hook.php HTTP/1.1" 200 4 "-" "-"
::1 - - [11/Nov/2019:15:47:43 +0900] "POST /hook.php HTTP/1.1" 200 4 "-" "-"
::1 - - [11/Nov/2019:16:34:55 +0900] "POST /hook.php HTTP/1.1" 200 4 "-" "-"
::1 - - [11/Nov/2019:16:35:55 +0900] "POST /hook.php HTTP/1.1" 200 4 "-" "-"
::1 - - [11/Nov/2019:16:36:32 +0900] "POST /hook.php HTTP/1.1" 200 4 "-" "-"
::1 - - [11/Nov/2019:16:36:42 +0900] "POST /hook.php HTTP/1.1" 200 4 "-" "-"
::1 - - [11/Nov/2019:16:36:50 +0900] "POST /hook.php HTTP/1.1" 200 4 "-" "-"
::1 - - [11/Nov/2019:16:37:33 +0900] "POST /hook.php HTTP/1.1" 200 4 "-" "-"
::1 - - [11/Nov/2019:16:37:44 +0900] "POST /hook.php HTTP/1.1" 200 4 "-" "-"
::1 - - [11/Nov/2019:16:38:02 +0900] "POST /hook.php HTTP/1.1" 200 4 "-" "-"
::1 - - [11/Nov/2019:16:39:05 +0900] "POST /hook.php HTTP/1.1" 200 4 "-" "-"
::1 - - [11/Nov/2019:16:39:14 +0900] "POST /hook.php HTTP/1.1" 200 4 "-" "-"
::1 - - [11/Nov/2019:17:14:27 +0900] "POST /hook.php HTTP/1.1" 200 4 "-" "-"
::1 - - [12/Nov/2019:10:04:00 +0900] "POST /hook.php HTTP/1.1" 200 4 "-" "-"
::1 - - [12/Nov/2019:10:17:58 +0900] "POST /hook.php HTTP/1.1" 200 4 "-" "-"
::1 - - [12/Nov/2019:10:18:29 +0900] "POST /hook.php HTTP/1.1" 200 4 "-" "-"
::1 - - [12/Nov/2019:10:19:01 +0900] "POST /hook.php HTTP/1.1" 200 4 "-" "-"
::1 - - [12/Nov/2019:11:27:55 +0900] "POST /hook.php HTTP/1.1" 200 4 "-" "-"
::1 - - [12/Nov/2019:11:28:44 +0900] "POST /hook.php HTTP/1.1" 200 4 "-" "-"
::1 - - [12/Nov/2019:11:28:48 +0900] "POST /hook.php HTTP/1.1" 200 4 "-" "-"
::1 - - [12/Nov/2019:11:29:42 +0900] "POST /hook.php HTTP/1.1" 200 4 "-" "-"
::1 - - [12/Nov/2019:11:34:10 +0900] "POST /hook.php HTTP/1.1" 200 4 "-" "-"
::1 - - [12/Nov/2019:11:34:44 +0900] "POST /hook.php HTTP/1.1" 200 4 "-" "-"
::1 - - [12/Nov/2019:11:34:57 +0900] "POST /hook.php HTTP/1.1" 200 4 "-" "-"
::1 - - [12/Nov/2019:11:35:06 +0900] "POST /hook.php HTTP/1.1" 200 4 "-" "-"
::1 - - [12/Nov/2019:11:35:28 +0900] "POST /hook.php HTTP/1.1" 200 4 "-" "-"
::1 - - [12/Nov/2019:11:35:37 +0900] "POST /hook.php HTTP/1.1" 200 4 "-" "-"
::1 - - [12/Nov/2019:11:36:56 +0900] "POST /hook.php HTTP/1.1" 200 4 "-" "-"
::1 - - [12/Nov/2019:11:37:09 +0900] "POST /hook.php HTTP/1.1" 200 4 "-" "-"
::1 - - [12/Nov/2019:11:37:20 +0900] "POST /hook.php HTTP/1.1" 200 4 "-" "-"
::1 - - [12/Nov/2019:11:37:52 +0900] "POST /hook.php HTTP/1.1" 200 4 "-" "-"
::1 - - [12/Nov/2019:11:37:55 +0900] "POST /hook.php HTTP/1.1" 200 4 "-" "-"
::1 - - [12/Nov/2019:11:37:57 +0900] "POST /hook.php HTTP/1.1" 200 4 "-" "-"
::1 - - [12/Nov/2019:11:38:01 +0900] "POST /hook.php HTTP/1.1" 200 4 "-" "-"
::1 - - [12/Nov/2019:11:38:06 +0900] "POST /hook.php HTTP/1.1" 200 4 "-" "-"
::1 - - [12/Nov/2019:11:38:09 +0900] "POST /hook.php HTTP/1.1" 200 4 "-" "-"
::1 - - [12/Nov/2019:11:40:09 +0900] "POST /hook.php HTTP/1.1" 200 4 "-" "-"
::1 - - [12/Nov/2019:11:40:16 +0900] "POST /hook.php HTTP/1.1" 200 4 "-" "-"
::1 - - [12/Nov/2019:11:40:32 +0900] "POST /hook.php HTTP/1.1" 200 4 "-" "-"
::1 - - [12/Nov/2019:11:40:43 +0900] "POST /hook.php HTTP/1.1" 200 4 "-" "-"
::1 - - [12/Nov/2019:11:41:26 +0900] "POST /hook.php HTTP/1.1" 200 4 "-" "-"
::1 - - [12/Nov/2019:13:46:04 +0900] "POST /hook.php HTTP/1.1" 200 4 "-" "-"
192.168.0.62 - - [12/Nov/2019:13:55:31 +0900] "GET / HTTP/1.1" 200 912 "-" "-"
::1 - - [12/Nov/2019:15:33:47 +0900] "POST /hook.php HTTP/1.1" 200 4 "-" "-"
